<?xml version="1.0" encoding="UTF-8" ?>
<testsuites name="vitest tests" tests="105" failures="0" errors="0" time="13.105902333">
    <testsuite name="src/test/components/JsonSchemaEditor.test.tsx" timestamp="2025-11-19T14:01:14.404Z" hostname="Adrians-MacBook-Pro.local" tests="9" failures="0" errors="0" skipped="0" time="1.039980875">
        <testcase classname="src/test/components/JsonSchemaEditor.test.tsx" name="JsonSchemaEditor &gt; renders the editor with a default schema" time="0.346162125">
        </testcase>
        <testcase classname="src/test/components/JsonSchemaEditor.test.tsx" name="JsonSchemaEditor &gt; calls onChange when the schema changes" time="0.097851083">
            <system-err>
A component is changing an uncontrolled input to be controlled. This is likely caused by the value changing from undefined to a defined value, which should not happen. Decide between using a controlled or uncontrolled input element for the lifetime of the component. More info: https://react.dev/link/controlled-components

            </system-err>
        </testcase>
        <testcase classname="src/test/components/JsonSchemaEditor.test.tsx" name="JsonSchemaEditor &gt; displays AJV errors when the schema is invalid" time="0.0621465">
        </testcase>
        <testcase classname="src/test/components/JsonSchemaEditor.test.tsx" name="JsonSchemaEditor &gt; displays AJV errors for the root schema" time="0.029110458">
        </testcase>
        <testcase classname="src/test/components/JsonSchemaEditor.test.tsx" name="JsonSchemaEditor &gt; initializes with a default schema when no defaultValue is provided" time="0.044428042">
        </testcase>
        <testcase classname="src/test/components/JsonSchemaEditor.test.tsx" name="JsonSchemaEditor &gt; adds a new field when the add button is clicked" time="0.14256075">
        </testcase>
        <testcase classname="src/test/components/JsonSchemaEditor.test.tsx" name="JsonSchemaEditor &gt; removes a field when the remove button is clicked" time="0.195685667">
        </testcase>
        <testcase classname="src/test/components/JsonSchemaEditor.test.tsx" name="JsonSchemaEditor &gt; opens the settings dialog when the settings button is clicked" time="0.092675292">
            <system-err>
Warning: Missing `Description` or `aria-describedby={undefined}` for {DialogContent}.

            </system-err>
        </testcase>
        <testcase classname="src/test/components/JsonSchemaEditor.test.tsx" name="JsonSchemaEditor &gt; renders correctly with rootType=&apos;array&apos;" time="0.023049125">
        </testcase>
    </testsuite>
    <testsuite name="src/test/utils/validator.test.ts" timestamp="2025-11-19T14:01:14.405Z" hostname="Adrians-MacBook-Pro.local" tests="3" failures="0" errors="0" skipped="0" time="0.002829833">
        <testcase classname="src/test/utils/validator.test.ts" name="validator &gt; should return null for a valid schema" time="0.001217959">
        </testcase>
        <testcase classname="src/test/utils/validator.test.ts" name="validator &gt; should return an array of errors for an invalid schema" time="0.000142125">
        </testcase>
        <testcase classname="src/test/utils/validator.test.ts" name="validator &gt; should return an empty array if validation fails but ajv.errors is null" time="0.000345542">
        </testcase>
    </testsuite>
    <testsuite name="src/test/components/form/Field.test.tsx" timestamp="2025-11-19T14:01:14.405Z" hostname="Adrians-MacBook-Pro.local" tests="10" failures="0" errors="0" skipped="0" time="1.729852417">
        <testcase classname="src/test/components/form/Field.test.tsx" name="Field &gt; renders Field for a string type" time="0.42382475">
        </testcase>
        <testcase classname="src/test/components/form/Field.test.tsx" name="Field &gt; recursively renders fields for an object type" time="0.085644417">
        </testcase>
        <testcase classname="src/test/components/form/Field.test.tsx" name="Field &gt; adds a new field when &apos;Add Field&apos; button is clicked for an object" time="0.463619667">
        </testcase>
        <testcase classname="src/test/components/form/Field.test.tsx" name="Field &gt; removes a field when &apos;Delete&apos; button is clicked" time="0.237974125">
        </testcase>
        <testcase classname="src/test/components/form/Field.test.tsx" name="Field &gt; renders a nested field for an array&apos;s items" time="0.040160958">
        </testcase>
        <testcase classname="src/test/components/form/Field.test.tsx" name="Field &gt; disables &apos;Add Field&apos; button when readOnly is true" time="0.045415167">
        </testcase>
        <testcase classname="src/test/components/form/Field.test.tsx" name="Field &gt; changes the field schema when a new type is selected" time="0.097216667">
        </testcase>
        <testcase classname="src/test/components/form/Field.test.tsx" name="Field &gt; handles changing the type to an array" time="0.167197167">
        </testcase>
        <testcase classname="src/test/components/form/Field.test.tsx" name="Field &gt; handles changing the type to a number" time="0.08505925">
        </testcase>
        <testcase classname="src/test/components/form/Field.test.tsx" name="Field &gt; does not render a remove button for an array&apos;s item field" time="0.03268625">
        </testcase>
    </testsuite>
    <testsuite name="src/test/components/form/FieldList.test.tsx" timestamp="2025-11-19T14:01:14.406Z" hostname="Adrians-MacBook-Pro.local" tests="3" failures="0" errors="0" skipped="0" time="1.078221792">
        <testcase classname="src/test/components/form/FieldList.test.tsx" name="FieldList &gt; renders a Field for each item in the fields array" time="0.345324458">
        </testcase>
        <testcase classname="src/test/components/form/FieldList.test.tsx" name="FieldList &gt; calls onRemove with the correct index when a field is removed" time="0.595934917">
        </testcase>
        <testcase classname="src/test/components/form/FieldList.test.tsx" name="FieldList &gt; passes readOnly prop to child Field components" time="0.134771">
        </testcase>
    </testsuite>
    <testsuite name="src/test/components/form/FieldRow.test.tsx" timestamp="2025-11-19T14:01:14.406Z" hostname="Adrians-MacBook-Pro.local" tests="7" failures="0" errors="0" skipped="0" time="1.295546625">
        <testcase classname="src/test/components/form/FieldRow.test.tsx" name="FieldRow &gt; renders all inputs and buttons correctly" time="0.431384709">
        </testcase>
        <testcase classname="src/test/components/form/FieldRow.test.tsx" name="FieldRow &gt; displays default values from the form context" time="0.112348542">
        </testcase>
        <testcase classname="src/test/components/form/FieldRow.test.tsx" name="FieldRow &gt; calls onTypeChange when the type is changed" time="0.313116583">
        </testcase>
        <testcase classname="src/test/components/form/FieldRow.test.tsx" name="FieldRow &gt; calls onOpenSettings when settings button is clicked" time="0.124145333">
        </testcase>
        <testcase classname="src/test/components/form/FieldRow.test.tsx" name="FieldRow &gt; shows/hides elements based on isSimpleType and isRootLevel props" time="0.066351833">
        </testcase>
        <testcase classname="src/test/components/form/FieldRow.test.tsx" name="FieldRow &gt; disables all inputs and buttons when readOnly is true" time="0.065229459">
        </testcase>
        <testcase classname="src/test/components/form/FieldRow.test.tsx" name="FieldRow &gt; calls onRemove when delete is confirmed in the dialog" time="0.162186875">
        </testcase>
    </testsuite>
    <testsuite name="src/test/components/settings/ArraySettings.test.tsx" timestamp="2025-11-19T14:01:14.407Z" hostname="Adrians-MacBook-Pro.local" tests="9" failures="0" errors="0" skipped="0" time="0.747961541">
        <testcase classname="src/test/components/settings/ArraySettings.test.tsx" name="ArraySettings &gt; renders all fields with their labels" time="0.146405584">
        </testcase>
        <testcase classname="src/test/components/settings/ArraySettings.test.tsx" name="ArraySettings &gt; loads and displays default values correctly" time="0.24589325">
        </testcase>
        <testcase classname="src/test/components/settings/ArraySettings.test.tsx" name="ArraySettings &gt; updates the value when user types in input" time="0.061640917">
        </testcase>
        <testcase classname="src/test/components/settings/ArraySettings.test.tsx" name="ArraySettings &gt; updates the value to null when input is cleared" time="0.045251084">
        </testcase>
        <testcase classname="src/test/components/settings/ArraySettings.test.tsx" name="ArraySettings &gt; toggles the checkbox value when user clicks it" time="0.078564833">
            <system-err>
Checkbox is changing from uncontrolled to controlled. Components should not switch from controlled to uncontrolled (or vice versa). Decide between using a controlled or uncontrolled value for the lifetime of the component.

            </system-err>
        </testcase>
        <testcase classname="src/test/components/settings/ArraySettings.test.tsx" name="ArraySettings &gt; updates the value to null when maxItems is cleared" time="0.007806375">
        </testcase>
        <testcase classname="src/test/components/settings/ArraySettings.test.tsx" name="ArraySettings &gt; updates the value when user types in minContains input" time="0.079656625">
        </testcase>
        <testcase classname="src/test/components/settings/ArraySettings.test.tsx" name="ArraySettings &gt; updates the value when user types in maxContains input" time="0.036303583">
        </testcase>
        <testcase classname="src/test/components/settings/ArraySettings.test.tsx" name="ArraySettings &gt; disables all fields when readOnly prop is true" time="0.042578542">
        </testcase>
    </testsuite>
    <testsuite name="src/test/components/settings/BooleanSettings.test.tsx" timestamp="2025-11-19T14:01:14.408Z" hostname="Adrians-MacBook-Pro.local" tests="5" failures="0" errors="0" skipped="0" time="0.353785458">
        <testcase classname="src/test/components/settings/BooleanSettings.test.tsx" name="BooleanSettings &gt; renders the default value select field" time="0.196237917">
        </testcase>
        <testcase classname="src/test/components/settings/BooleanSettings.test.tsx" name="BooleanSettings &gt; shows &apos;False&apos; as the placeholder when no value is provided" time="0.033209917">
        </testcase>
        <testcase classname="src/test/components/settings/BooleanSettings.test.tsx" name="BooleanSettings &gt; loads and displays default value correctly" time="0.023794875">
        </testcase>
        <testcase classname="src/test/components/settings/BooleanSettings.test.tsx" name="BooleanSettings &gt; updates the value when user selects a new value" time="0.068295583">
        </testcase>
        <testcase classname="src/test/components/settings/BooleanSettings.test.tsx" name="BooleanSettings &gt; disables the select field when readOnly prop is true" time="0.026062167">
        </testcase>
    </testsuite>
    <testsuite name="src/test/components/settings/IntegerSettings.test.tsx" timestamp="2025-11-19T14:01:14.408Z" hostname="Adrians-MacBook-Pro.local" tests="12" failures="0" errors="0" skipped="0" time="1.586112958">
        <testcase classname="src/test/components/settings/IntegerSettings.test.tsx" name="IntegerSettings &gt; renders all standard fields correctly" time="0.499340583">
        </testcase>
        <testcase classname="src/test/components/settings/IntegerSettings.test.tsx" name="IntegerSettings &gt; loads and displays default values correctly" time="0.346981709">
        </testcase>
        <testcase classname="src/test/components/settings/IntegerSettings.test.tsx" name="IntegerSettings &gt; shows and hides the enum input field when the checkbox is toggled" time="0.106800042">
        </testcase>
        <testcase classname="src/test/components/settings/IntegerSettings.test.tsx" name="IntegerSettings &gt; disables all fields when readOnly prop is true" time="0.076300209">
        </testcase>
        <testcase classname="src/test/components/settings/IntegerSettings.test.tsx" name="IntegerSettings &gt; updates the form when enum values are changed" time="0.074339625">
        </testcase>
        <testcase classname="src/test/components/settings/IntegerSettings.test.tsx" name="IntegerSettings &gt; updates the format when a new one is selected" time="0.247580667">
        </testcase>
        <testcase classname="src/test/components/settings/IntegerSettings.test.tsx" name="IntegerSettings &gt; updates the minimum value" time="0.059442541">
            <system-err>
`value` prop on `input` should not be null. Consider using an empty string to clear the component or `undefined` for uncontrolled components.
A component is changing a controlled input to be uncontrolled. This is likely caused by the value changing from a defined to undefined, which should not happen. Decide between using a controlled or uncontrolled input element for the lifetime of the component. More info: https://react.dev/link/controlled-components

            </system-err>
        </testcase>
        <testcase classname="src/test/components/settings/IntegerSettings.test.tsx" name="IntegerSettings &gt; updates the maximum value " time="0.032574333">
        </testcase>
        <testcase classname="src/test/components/settings/IntegerSettings.test.tsx" name="IntegerSettings &gt; updates exclusiveMin value" time="0.036272166">
        </testcase>
        <testcase classname="src/test/components/settings/IntegerSettings.test.tsx" name="IntegerSettings &gt; updates exclusiveMax value" time="0.014433166">
        </testcase>
        <testcase classname="src/test/components/settings/IntegerSettings.test.tsx" name="IntegerSettings &gt; updates multipleOf value" time="0.034496833">
        </testcase>
        <testcase classname="src/test/components/settings/IntegerSettings.test.tsx" name="IntegerSettings &gt; updates defaultValue value" time="0.046924583">
            <system-err>
A component is changing an uncontrolled input to be controlled. This is likely caused by the value changing from undefined to a defined value, which should not happen. Decide between using a controlled or uncontrolled input element for the lifetime of the component. More info: https://react.dev/link/controlled-components

            </system-err>
        </testcase>
    </testsuite>
    <testsuite name="src/test/components/settings/NumberSettings.test.tsx" timestamp="2025-11-19T14:01:14.409Z" hostname="Adrians-MacBook-Pro.local" tests="12" failures="0" errors="0" skipped="0" time="1.649519875">
        <testcase classname="src/test/components/settings/NumberSettings.test.tsx" name="NumberSettings &gt; renders all standard fields correctly" time="0.268173834">
        </testcase>
        <testcase classname="src/test/components/settings/NumberSettings.test.tsx" name="NumberSettings &gt; loads and displays default values correctly" time="0.299545333">
        </testcase>
        <testcase classname="src/test/components/settings/NumberSettings.test.tsx" name="NumberSettings &gt; shows and hides the enum input field when the checkbox is toggled" time="0.118574584">
        </testcase>
        <testcase classname="src/test/components/settings/NumberSettings.test.tsx" name="NumberSettings &gt; disables all fields when readOnly prop is true" time="0.139367458">
        </testcase>
        <testcase classname="src/test/components/settings/NumberSettings.test.tsx" name="NumberSettings &gt; updates the form when enum values are changed" time="0.097587875">
        </testcase>
        <testcase classname="src/test/components/settings/NumberSettings.test.tsx" name="NumberSettings &gt; updates the format when a new one is selected" time="0.34753025">
        </testcase>
        <testcase classname="src/test/components/settings/NumberSettings.test.tsx" name="NumberSettings &gt; updates the minimum value" time="0.082519792">
            <system-err>
`value` prop on `input` should not be null. Consider using an empty string to clear the component or `undefined` for uncontrolled components.
A component is changing a controlled input to be uncontrolled. This is likely caused by the value changing from a defined to undefined, which should not happen. Decide between using a controlled or uncontrolled input element for the lifetime of the component. More info: https://react.dev/link/controlled-components

            </system-err>
        </testcase>
        <testcase classname="src/test/components/settings/NumberSettings.test.tsx" name="NumberSettings &gt; updates the maximum value " time="0.029548666">
        </testcase>
        <testcase classname="src/test/components/settings/NumberSettings.test.tsx" name="NumberSettings &gt; updates exclusiveMin value" time="0.077062">
        </testcase>
        <testcase classname="src/test/components/settings/NumberSettings.test.tsx" name="NumberSettings &gt; updates exclusiveMax value" time="0.044204542">
        </testcase>
        <testcase classname="src/test/components/settings/NumberSettings.test.tsx" name="NumberSettings &gt; updates multipleOf value" time="0.067444">
        </testcase>
        <testcase classname="src/test/components/settings/NumberSettings.test.tsx" name="NumberSettings &gt; updates defaultValue value" time="0.0655195">
            <system-err>
A component is changing an uncontrolled input to be controlled. This is likely caused by the value changing from undefined to a defined value, which should not happen. Decide between using a controlled or uncontrolled input element for the lifetime of the component. More info: https://react.dev/link/controlled-components

            </system-err>
        </testcase>
    </testsuite>
    <testsuite name="src/test/components/settings/ObjectSettings.test.tsx" timestamp="2025-11-19T14:01:14.410Z" hostname="Adrians-MacBook-Pro.local" tests="7" failures="0" errors="0" skipped="0" time="1.219833542">
        <testcase classname="src/test/components/settings/ObjectSettings.test.tsx" name="ObjectSettings &gt; renders all fields correctly" time="0.467525833">
        </testcase>
        <testcase classname="src/test/components/settings/ObjectSettings.test.tsx" name="ObjectSettings &gt; loads and displays default values correctly" time="0.1186255">
        </testcase>
        <testcase classname="src/test/components/settings/ObjectSettings.test.tsx" name="ObjectSettings &gt; updates value when user types in an input" time="0.063306625">
        </testcase>
        <testcase classname="src/test/components/settings/ObjectSettings.test.tsx" name="ObjectSettings &gt; shows schema textarea when &apos;Specify Schema&apos; is selected" time="0.259906">
        </testcase>
        <testcase classname="src/test/components/settings/ObjectSettings.test.tsx" name="ObjectSettings &gt; disables all fields when readOnly prop is true" time="0.0761445">
        </testcase>
        <testcase classname="src/test/components/settings/ObjectSettings.test.tsx" name="ObjectSettings &gt; switches additionalProperties mode when radio buttons are clicked" time="0.113452">
        </testcase>
        <testcase classname="src/test/components/settings/ObjectSettings.test.tsx" name="ObjectSettings &gt; validates JSON input in the schema textarea" time="0.119990041">
        </testcase>
    </testsuite>
    <testsuite name="src/test/components/settings/RootSettings.test.tsx" timestamp="2025-11-19T14:01:14.410Z" hostname="Adrians-MacBook-Pro.local" tests="4" failures="0" errors="0" skipped="0" time="0.135543792">
        <testcase classname="src/test/components/settings/RootSettings.test.tsx" name="RootSettings &gt; renders all fields correctly" time="0.093358875">
        </testcase>
        <testcase classname="src/test/components/settings/RootSettings.test.tsx" name="RootSettings &gt; loads and displays default values" time="0.023222916">
        </testcase>
        <testcase classname="src/test/components/settings/RootSettings.test.tsx" name="RootSettings &gt; updates value when user types in an input" time="0.010291625">
        </testcase>
        <testcase classname="src/test/components/settings/RootSettings.test.tsx" name="RootSettings &gt; disables fields when readOnly is true" time="0.007079083">
        </testcase>
    </testsuite>
    <testsuite name="src/test/components/settings/Settings.test.tsx" timestamp="2025-11-19T14:01:14.411Z" hostname="Adrians-MacBook-Pro.local" tests="7" failures="0" errors="0" skipped="0" time="0.044525959">
        <testcase classname="src/test/components/settings/Settings.test.tsx" name="Settings &gt; renders number settings when type is number-settings" time="0.03395425">
        </testcase>
        <testcase classname="src/test/components/settings/Settings.test.tsx" name="Settings &gt; renders integer settings when type is integer-settings" time="0.001796125">
        </testcase>
        <testcase classname="src/test/components/settings/Settings.test.tsx" name="Settings &gt; renders string settings when type is string-settings" time="0.001382">
        </testcase>
        <testcase classname="src/test/components/settings/Settings.test.tsx" name="Settings &gt; renders boolean settings when type is boolean-settings" time="0.00117675">
        </testcase>
        <testcase classname="src/test/components/settings/Settings.test.tsx" name="Settings &gt; renders array settings when type is array-settings" time="0.001780417">
        </testcase>
        <testcase classname="src/test/components/settings/Settings.test.tsx" name="Settings &gt; renders object settings when type is object-settings" time="0.0009905">
        </testcase>
        <testcase classname="src/test/components/settings/Settings.test.tsx" name="Settings &gt; renders a fallback message for an unimplemented type" time="0.002605584">
        </testcase>
    </testsuite>
    <testsuite name="src/test/components/settings/SettingsDialog.test.tsx" timestamp="2025-11-19T14:01:14.411Z" hostname="Adrians-MacBook-Pro.local" tests="5" failures="0" errors="0" skipped="0" time="0.381267541">
        <testcase classname="src/test/components/settings/SettingsDialog.test.tsx" name="SettingsDialog &gt; does not render when isOpen is false" time="0.090273083">
        </testcase>
        <testcase classname="src/test/components/settings/SettingsDialog.test.tsx" name="SettingsDialog &gt; renders the dialog with the correct title when isOpen is true" time="0.155820083">
            <system-err>
Warning: Missing `Description` or `aria-describedby={undefined}` for {DialogContent}.

            </system-err>
        </testcase>
        <testcase classname="src/test/components/settings/SettingsDialog.test.tsx" name="SettingsDialog &gt; calls the onClose function when the close button is clicked" time="0.054411375">
            <system-err>
Warning: Missing `Description` or `aria-describedby={undefined}` for {DialogContent}.

            </system-err>
        </testcase>
        <testcase classname="src/test/components/settings/SettingsDialog.test.tsx" name="SettingsDialog &gt; does not render settings if fieldPath is not provided" time="0.040727542">
            <system-err>
Warning: Missing `Description` or `aria-describedby={undefined}` for {DialogContent}.

            </system-err>
        </testcase>
        <testcase classname="src/test/components/settings/SettingsDialog.test.tsx" name="SettingsDialog &gt; calls onClose when the dialog&apos;s onOpenChange is triggered with false" time="0.03925925">
            <system-err>
Warning: Missing `Description` or `aria-describedby={undefined}` for {DialogContent}.

            </system-err>
        </testcase>
    </testsuite>
    <testsuite name="src/test/components/settings/StringSettings.test.tsx" timestamp="2025-11-19T14:01:14.412Z" hostname="Adrians-MacBook-Pro.local" tests="12" failures="0" errors="0" skipped="0" time="1.840920125">
        <testcase classname="src/test/components/settings/StringSettings.test.tsx" name="StringSettings &gt; renders all standard fields correctly" time="0.502158625">
        </testcase>
        <testcase classname="src/test/components/settings/StringSettings.test.tsx" name="StringSettings &gt; loads and displays default values correctly" time="0.33314975">
        </testcase>
        <testcase classname="src/test/components/settings/StringSettings.test.tsx" name="StringSettings &gt; updates value when user types in an input" time="0.115175625">
            <system-err>
A component is changing an uncontrolled input to be controlled. This is likely caused by the value changing from undefined to a defined value, which should not happen. Decide between using a controlled or uncontrolled input element for the lifetime of the component. More info: https://react.dev/link/controlled-components

            </system-err>
        </testcase>
        <testcase classname="src/test/components/settings/StringSettings.test.tsx" name="StringSettings &gt; shows and hides the enum input field when the checkbox is toggled" time="0.22195275">
        </testcase>
        <testcase classname="src/test/components/settings/StringSettings.test.tsx" name="StringSettings &gt; updates the form when enum values are changed" time="0.069062708">
        </testcase>
        <testcase classname="src/test/components/settings/StringSettings.test.tsx" name="StringSettings &gt; disables all fields when readOnly prop is true" time="0.029626875">
        </testcase>
        <testcase classname="src/test/components/settings/StringSettings.test.tsx" name="StringSettings &gt; updates value to null when maxLength input is cleared" time="0.021227625">
            <system-err>
`value` prop on `input` should not be null. Consider using an empty string to clear the component or `undefined` for uncontrolled components.
A component is changing a controlled input to be uncontrolled. This is likely caused by the value changing from a defined to undefined, which should not happen. Decide between using a controlled or uncontrolled input element for the lifetime of the component. More info: https://react.dev/link/controlled-components

            </system-err>
        </testcase>
        <testcase classname="src/test/components/settings/StringSettings.test.tsx" name="StringSettings &gt; updates value to null when minLength input is cleared" time="0.055925542">
        </testcase>
        <testcase classname="src/test/components/settings/StringSettings.test.tsx" name="StringSettings &gt; updates minLength value" time="0.067112834">
        </testcase>
        <testcase classname="src/test/components/settings/StringSettings.test.tsx" name="StringSettings &gt; updates minLength value" time="0.03812625">
        </testcase>
        <testcase classname="src/test/components/settings/StringSettings.test.tsx" name="StringSettings &gt; updates value when user types in pattern input" time="0.021256042">
        </testcase>
        <testcase classname="src/test/components/settings/StringSettings.test.tsx" name="StringSettings &gt; updates the format when a new one is selected" time="0.321831625">
        </testcase>
    </testsuite>
</testsuites>
